<?xml version="1.0" encoding="UTF-8"?>
<!-- Generated by org.testng.reporters.JUnitReportReporter -->
<testsuite hostname="priyaranjan" failures="0" tests="2" name="com.mavenproject.pratices.TestMavenTest" time="0.005" errors="0" timestamp="2022-07-18T16:20:26 IST" skipped="0">
  <testcase classname="com.mavenproject.pratices.TestMavenTest" name="testMavenTest" time="0.002"/>
  <system-out/>
  <testcase classname="com.mavenproject.pratices.TestMavenTest" name="test3maventest" time="0.003"/>
  <system-out/>
</testsuite> <!-- com.mavenproject.pratices.TestMavenTest -->
