<?xml version="1.0" encoding="UTF-8"?>
<!-- Generated by org.testng.reporters.JUnitReportReporter -->
<testsuite hostname="priyaranjan" failures="0" tests="2" name="com.mavenproject.pratices.TestMaven4" time="0.014" errors="0" timestamp="2022-07-19T17:37:41 IST" skipped="0">
  <testcase classname="com.mavenproject.pratices.TestMaven4" name="m1" time="0.002"/>
  <system-out/>
  <testcase classname="com.mavenproject.pratices.TestMaven4" name="a1" time="0.012"/>
  <system-out/>
</testsuite> <!-- com.mavenproject.pratices.TestMaven4 -->
