<?xml version="1.0" encoding="UTF-8"?>
<!-- Generated by org.testng.reporters.JUnitReportReporter -->
<testsuite hostname="priyaranjan" failures="0" tests="2" name="com.mavenproject.pratices.TestMaven2Test" time="0.013" errors="0" timestamp="2022-07-18T16:20:26 IST" skipped="0">
  <testcase classname="com.mavenproject.pratices.TestMaven2Test" name="maven3Test" time="0.002"/>
  <system-out/>
  <testcase classname="com.mavenproject.pratices.TestMaven2Test" name="maven2test" time="0.011"/>
  <system-out/>
</testsuite> <!-- com.mavenproject.pratices.TestMaven2Test -->
